[35m[Appium][39m Welcome to Appium v1.22.3
[35m[Appium][39m Non-default server args:
[35m[Appium][39m   port: 57639
[35m[Appium][39m   loglevel: info
[35m[Appium][39m   tmpDir: C:\Users\DZIKRA~1\AppData\Local\Temp\\Katalon\Appium\Temp1659056963317
[35m[Appium][39m   chromedriverPort: 57640
[35m[Appium][39m Deprecated server args:
[35m[Appium][39m   [31m--chromedriver-port[39m => --default-capabilities
[35m[Appium][39m Default capabilities, which will be added to each request unless overridden by desired capabilities:
[35m[Appium][39m   chromedriverPort: 57640
[35m[Appium][39m Appium REST http interface listener started on 0.0.0.0:57639
[35m[HTTP][39m [37m-->[39m [37mGET[39m [37m/wd/hub/status[39m
[35m[HTTP][39m [90m{}[39m
[35m[HTTP][39m [37m<-- GET /wd/hub/status [39m[32m200[39m [90m10 ms - 68[39m
[35m[HTTP][39m [90m[39m
[35m[HTTP][39m [37m-->[39m [37mGET[39m [37m/wd/hub/status[39m
[35m[HTTP][39m [90m{}[39m
[35m[HTTP][39m [37m<-- GET /wd/hub/status [39m[32m200[39m [90m2 ms - 68[39m
[35m[HTTP][39m [90m[39m
[35m[HTTP][39m [37m-->[39m [37mPOST[39m [37m/wd/hub/session[39m
[35m[HTTP][39m [90m{"desiredCapabilities":{"appActivity":".Settings","appPackage":"com.android.settings","newCommandTimeout":1800,"platformVersion":"7.0","automationName":"uiautomator2","autoGrantPermissions":true,"platformName":"Android","udid":"emulator-5554","deviceName":"emulator-5554 (Android SDK built for x86 - Android 7.0)","platform":"ANDROID","systemPort":8282},"capabilities":{"firstMatch":[{"appium:appActivity":".Settings","appium:appPackage":"com.android.settings","appium:autoGrantPermissions":true,"appium:automationName":"uiautomator2","appium:deviceName":"emulator-5554 (Android SDK built for x86 - Android 7.0)","appium:newCommandTimeout":1800,"platform":"ANDROID","platformName":"android","appium:platformVersion":"7.0","appium:systemPort":8282,"appium:udid":"emulator-5554"}]}}[39m
[35m[BaseDriver][39m The following capabilities are not standard capabilities and should have an extension prefix:
[35m[BaseDriver][39m   platform
[35m[BaseDriver][39m   chromedriverPort
[35m[Appium][39m Appium v1.22.3 creating new AndroidUiautomator2Driver (v1.70.1) session
[35m[BaseDriver][39m The following capabilities were provided, but are not recognized by Appium:
[35m[BaseDriver][39m   platform
[35m[BaseDriver][39m Session created with session id: c5e9e418-9500-42fc-a28d-8decfdfb2148
[35m[UiAutomator2][39m Starting 'com.android.settings' directly on the device
[35m[ADB][39m Found 5 'build-tools' folders under 'C:\Users\Dzikra Shanum\AppData\Local\Android\Sdk' (newest first):
[35m[ADB][39m     C:/Users/Dzikra Shanum/AppData/Local/Android/Sdk/build-tools/32.0.0
[35m[ADB][39m     C:/Users/Dzikra Shanum/AppData/Local/Android/Sdk/build-tools/30.0.3
[35m[ADB][39m     C:/Users/Dzikra Shanum/AppData/Local/Android/Sdk/build-tools/30.0.2
[35m[ADB][39m     C:/Users/Dzikra Shanum/AppData/Local/Android/Sdk/build-tools/29.0.2
[35m[ADB][39m     C:/Users/Dzikra Shanum/AppData/Local/Android/Sdk/build-tools/28.0.3
[35m[ADB][39m Using 'adb.exe' from 'C:\Users\Dzikra Shanum\AppData\Local\Android\Sdk\platform-tools\adb.exe'
[35m[AndroidDriver][39m Retrieving device list
[35m[AndroidDriver][39m Using device: emulator-5554
[35m[ADB][39m Using 'adb.exe' from 'C:\Users\Dzikra Shanum\AppData\Local\Android\Sdk\platform-tools\adb.exe'
[35m[AndroidDriver][39m No app sent in, not parsing package/activity
[35m[ADB][39m Using 'apksigner.jar' from 'C:\Users\Dzikra Shanum\AppData\Local\Android\Sdk\build-tools\32.0.0\lib\apksigner.jar'
[35m[ADB][39m 'C:\Users\Dzikra Shanum\AppData\Roaming\npm\node_modules\appium\node_modules\appium-uiautomator2-server\apks\appium-uiautomator2-server-v4.27.0.apk' is signed with the default certificate
[35m[ADB][39m 'C:\Users\Dzikra Shanum\AppData\Roaming\npm\node_modules\appium\node_modules\appium-uiautomator2-server\apks\appium-uiautomator2-server-debug-androidTest.apk' is signed with the default certificate
[35m[UiAutomator2][39m Server packages are not going to be (re)installed
[35m[ADB][39m Adding packages ["io.appium.settings","io.appium.uiautomator2.server","io.appium.uiautomator2.server.test"] to Doze whitelist
[35m[UiAutomator2][39m Starting UIAutomator2 server 4.27.0
[35m[UiAutomator2][39m Using UIAutomator2 server from 'C:\Users\Dzikra Shanum\AppData\Roaming\npm\node_modules\appium\node_modules\appium-uiautomator2-server\apks\appium-uiautomator2-server-v4.27.0.apk' and test from 'C:\Users\Dzikra Shanum\AppData\Roaming\npm\node_modules\appium\node_modules\appium-uiautomator2-server\apks\appium-uiautomator2-server-debug-androidTest.apk'
[35m[UiAutomator2][39m Waiting up to 30000ms for UiAutomator2 to be online...
[35m[WD Proxy][39m socket hang up
[35m[WD Proxy][39m socket hang up
[35m[WD Proxy][39m Determined the downstream protocol as 'W3C'
[35m[AndroidDriver][39m Screen already unlocked, doing nothing
[35m[UiAutomator2][39m Starting 'com.android.settings/.Settings and waiting for 'com.android.settings/.Settings'
[35m[Appium][39m New AndroidUiautomator2Driver session created successfully, session c5e9e418-9500-42fc-a28d-8decfdfb2148 added to master session list
[35m[HTTP][39m [37m<-- POST /wd/hub/session [39m[32m200[39m [90m12033 ms - 1210[39m
[35m[HTTP][39m [90m[39m
[35m[HTTP][39m [37m-->[39m [37mGET[39m [37m/wd/hub/session/c5e9e418-9500-42fc-a28d-8decfdfb2148[39m
[35m[HTTP][39m [90m{}[39m
[35m[HTTP][39m [37m<-- GET /wd/hub/session/c5e9e418-9500-42fc-a28d-8decfdfb2148 [39m[32m200[39m [90m21 ms - 1164[39m
[35m[HTTP][39m [90m[39m
[35m[HTTP][39m [37m-->[39m [37mGET[39m [37m/wd/hub/session/c5e9e418-9500-42fc-a28d-8decfdfb2148[39m
[35m[HTTP][39m [90m{}[39m
[35m[HTTP][39m [37m<-- GET /wd/hub/session/c5e9e418-9500-42fc-a28d-8decfdfb2148 [39m[32m200[39m [90m25 ms - 1164[39m
[35m[HTTP][39m [90m[39m
[35m[HTTP][39m [37m-->[39m [37mGET[39m [37m/wd/hub/status[39m
[35m[HTTP][39m [90m{}[39m
[35m[HTTP][39m [37m<-- GET /wd/hub/status [39m[32m200[39m [90m2 ms - 68[39m
[35m[HTTP][39m [90m[39m
[35m[HTTP][39m [37m-->[39m [37mPOST[39m [37m/wd/hub/session/c5e9e418-9500-42fc-a28d-8decfdfb2148/timeouts[39m
[35m[HTTP][39m [90m{"implicit":60000}[39m
[35m[HTTP][39m [37m<-- POST /wd/hub/session/c5e9e418-9500-42fc-a28d-8decfdfb2148/timeouts [39m[32m200[39m [90m7 ms - 14[39m
[35m[HTTP][39m [90m[39m
[35m[HTTP][39m [37m-->[39m [37mGET[39m [37m/wd/hub/session/c5e9e418-9500-42fc-a28d-8decfdfb2148/screenshot[39m
[35m[HTTP][39m [90m{}[39m
[35m[HTTP][39m [37m<-- GET /wd/hub/session/c5e9e418-9500-42fc-a28d-8decfdfb2148/screenshot [39m[32m200[39m [90m1343 ms - 103794[39m
[35m[HTTP][39m [90m[39m
[35m[HTTP][39m [37m-->[39m [37mGET[39m [37m/wd/hub/session/c5e9e418-9500-42fc-a28d-8decfdfb2148/window/rect[39m
[35m[HTTP][39m [90m{}[39m
[35m[HTTP][39m [37m<-- GET /wd/hub/session/c5e9e418-9500-42fc-a28d-8decfdfb2148/window/rect [39m[32m200[39m [90m98 ms - 50[39m
[35m[HTTP][39m [90m[39m
[35m[HTTP][39m [37m-->[39m [37mGET[39m [37m/wd/hub/session/c5e9e418-9500-42fc-a28d-8decfdfb2148/appium/device/system_bars[39m
[35m[HTTP][39m [90m{}[39m
[35m[HTTP][39m [37m<-- GET /wd/hub/session/c5e9e418-9500-42fc-a28d-8decfdfb2148/appium/device/system_bars [39m[32m200[39m [90m191 ms - 151[39m
[35m[HTTP][39m [90m[39m
[35m[HTTP][39m [37m-->[39m [37mPOST[39m [37m/wd/hub/session/c5e9e418-9500-42fc-a28d-8decfdfb2148/appium/device/activate_app[39m
[35m[HTTP][39m [90m{"bundleId":"com.android.chrome"}[39m
[35m[HTTP][39m [37m<-- POST /wd/hub/session/c5e9e418-9500-42fc-a28d-8decfdfb2148/appium/device/activate_app [39m[32m200[39m [90m1369 ms - 14[39m
[35m[HTTP][39m [90m[39m
[35m[HTTP][39m [37m-->[39m [37mGET[39m [37m/wd/hub/session/c5e9e418-9500-42fc-a28d-8decfdfb2148/source[39m
[35m[HTTP][39m [90m{}[39m
[35m[W3C (c5e9e418)][39m Driver proxy active, passing request on via HTTP proxy
[35m[WD Proxy][39m Replacing sessionId 1a92db21-1f63-44ab-b03c-58fbba1c681d with c5e9e418-9500-42fc-a28d-8decfdfb2148
[35m[HTTP][39m [37m<-- GET /wd/hub/session/c5e9e418-9500-42fc-a28d-8decfdfb2148/source [39m[32m200[39m [90m922 ms - 3237[39m
[35m[HTTP][39m [90m[39m
[35m[HTTP][39m [37m-->[39m [37mGET[39m [37m/wd/hub/session/c5e9e418-9500-42fc-a28d-8decfdfb2148/screenshot[39m
[35m[HTTP][39m [90m{}[39m
[35m[HTTP][39m [37m<-- GET /wd/hub/session/c5e9e418-9500-42fc-a28d-8decfdfb2148/screenshot [39m[32m200[39m [90m1000 ms - 32658[39m
[35m[HTTP][39m [90m[39m
[35m[HTTP][39m [37m-->[39m [37mGET[39m [37m/wd/hub/session/c5e9e418-9500-42fc-a28d-8decfdfb2148/source[39m
[35m[HTTP][39m [90m{}[39m
[35m[W3C (c5e9e418)][39m Driver proxy active, passing request on via HTTP proxy
[35m[WD Proxy][39m Replacing sessionId 1a92db21-1f63-44ab-b03c-58fbba1c681d with c5e9e418-9500-42fc-a28d-8decfdfb2148
[35m[HTTP][39m [37m<-- GET /wd/hub/session/c5e9e418-9500-42fc-a28d-8decfdfb2148/source [39m[32m200[39m [90m66 ms - 9120[39m
[35m[HTTP][39m [90m[39m
[35m[HTTP][39m [37m-->[39m [37mGET[39m [37m/wd/hub/session/c5e9e418-9500-42fc-a28d-8decfdfb2148/screenshot[39m
[35m[HTTP][39m [90m{}[39m
[35m[HTTP][39m [37m<-- GET /wd/hub/session/c5e9e418-9500-42fc-a28d-8decfdfb2148/screenshot [39m[32m200[39m [90m467 ms - 193622[39m
[35m[HTTP][39m [90m[39m
[35m[HTTP][39m [37m-->[39m [37mPOST[39m [37m/wd/hub/session/c5e9e418-9500-42fc-a28d-8decfdfb2148/elements[39m
[35m[HTTP][39m [90m{"using":"xpath","value":"//*[@class = 'android.widget.Button' and (@text = 'Accept & continue' or . = 'Accept & continue') and @resource-id = 'com.android.chrome:id/terms_accept']"}[39m
[35m[HTTP][39m [37m<-- POST /wd/hub/session/c5e9e418-9500-42fc-a28d-8decfdfb2148/elements [39m[32m200[39m [90m300 ms - 139[39m
[35m[HTTP][39m [90m[39m
[35m[HTTP][39m [37m-->[39m [37mGET[39m [37m/wd/hub/session/c5e9e418-9500-42fc-a28d-8decfdfb2148/window/rect[39m
[35m[HTTP][39m [90m{}[39m
[35m[HTTP][39m [37m<-- GET /wd/hub/session/c5e9e418-9500-42fc-a28d-8decfdfb2148/window/rect [39m[32m200[39m [90m21 ms - 50[39m
[35m[HTTP][39m [90m[39m
[35m[HTTP][39m [37m-->[39m [37mPOST[39m [37m/wd/hub/session/c5e9e418-9500-42fc-a28d-8decfdfb2148/elements[39m
[35m[HTTP][39m [90m{"using":"xpath","value":"//*[@class = 'android.widget.Button' and (@text = 'Accept & continue' or . = 'Accept & continue') and @resource-id = 'com.android.chrome:id/terms_accept']"}[39m
[35m[HTTP][39m [37m<-- POST /wd/hub/session/c5e9e418-9500-42fc-a28d-8decfdfb2148/elements [39m[32m200[39m [90m70 ms - 139[39m
[35m[HTTP][39m [90m[39m
[35m[HTTP][39m [37m-->[39m [37mGET[39m [37m/wd/hub/session/c5e9e418-9500-42fc-a28d-8decfdfb2148/element/00000000-0000-002a-7fff-ffff0000000b/location[39m
[35m[HTTP][39m [90m{}[39m
[35m[W3C (c5e9e418)][39m Driver proxy active, passing request on via HTTP proxy
[35m[WD Proxy][39m Replacing sessionId 1a92db21-1f63-44ab-b03c-58fbba1c681d with c5e9e418-9500-42fc-a28d-8decfdfb2148
[35m[HTTP][39m [37m<-- GET /wd/hub/session/c5e9e418-9500-42fc-a28d-8decfdfb2148/element/00000000-0000-002a-7fff-ffff0000000b/location [39m[32m200[39m [90m20 ms - 79[39m
[35m[HTTP][39m [90m[39m
[35m[HTTP][39m [37m-->[39m [37mPOST[39m [37m/wd/hub/session/c5e9e418-9500-42fc-a28d-8decfdfb2148/element/00000000-0000-002a-7fff-ffff0000000b/click[39m
[35m[HTTP][39m [90m{"id":"00000000-0000-002a-7fff-ffff0000000b"}[39m
[35m[HTTP][39m [37m<-- POST /wd/hub/session/c5e9e418-9500-42fc-a28d-8decfdfb2148/element/00000000-0000-002a-7fff-ffff0000000b/click [39m[32m200[39m [90m131 ms - 14[39m
[35m[HTTP][39m [90m[39m
[35m[HTTP][39m [37m-->[39m [37mGET[39m [37m/wd/hub/session/c5e9e418-9500-42fc-a28d-8decfdfb2148/source[39m
[35m[HTTP][39m [90m{}[39m
[35m[W3C (c5e9e418)][39m Driver proxy active, passing request on via HTTP proxy
[35m[WD Proxy][39m Replacing sessionId 1a92db21-1f63-44ab-b03c-58fbba1c681d with c5e9e418-9500-42fc-a28d-8decfdfb2148
[35m[HTTP][39m [37m<-- GET /wd/hub/session/c5e9e418-9500-42fc-a28d-8decfdfb2148/source [39m[32m200[39m [90m139 ms - 12151[39m
[35m[HTTP][39m [90m[39m
[35m[HTTP][39m [37m-->[39m [37mGET[39m [37m/wd/hub/session/c5e9e418-9500-42fc-a28d-8decfdfb2148/screenshot[39m
[35m[HTTP][39m [90m{}[39m
[35m[HTTP][39m [37m<-- GET /wd/hub/session/c5e9e418-9500-42fc-a28d-8decfdfb2148/screenshot [39m[32m200[39m [90m849 ms - 176424[39m
[35m[HTTP][39m [90m[39m
[35m[HTTP][39m [37m-->[39m [37mPOST[39m [37m/wd/hub/session/c5e9e418-9500-42fc-a28d-8decfdfb2148/elements[39m
[35m[HTTP][39m [90m{"using":"xpath","value":"//*[@class = 'android.widget.Button' and (@text = concat(\"Yes, I\" , \"'\" , \"m in\") or . = concat(\"Yes, I\" , \"'\" , \"m in\")) and @resource-id = 'com.android.chrome:id/positive_button']"}[39m
[35m[HTTP][39m [37m<-- POST /wd/hub/session/c5e9e418-9500-42fc-a28d-8decfdfb2148/elements [39m[32m200[39m [90m307 ms - 139[39m
[35m[HTTP][39m [90m[39m
[35m[HTTP][39m [37m-->[39m [37mGET[39m [37m/wd/hub/session/c5e9e418-9500-42fc-a28d-8decfdfb2148/window/rect[39m
[35m[HTTP][39m [90m{}[39m
[35m[HTTP][39m [37m<-- GET /wd/hub/session/c5e9e418-9500-42fc-a28d-8decfdfb2148/window/rect [39m[32m200[39m [90m19 ms - 50[39m
[35m[HTTP][39m [90m[39m
[35m[HTTP][39m [37m-->[39m [37mPOST[39m [37m/wd/hub/session/c5e9e418-9500-42fc-a28d-8decfdfb2148/elements[39m
[35m[HTTP][39m [90m{"using":"xpath","value":"//*[@class = 'android.widget.Button' and (@text = concat(\"Yes, I\" , \"'\" , \"m in\") or . = concat(\"Yes, I\" , \"'\" , \"m in\")) and @resource-id = 'com.android.chrome:id/positive_button']"}[39m
[35m[HTTP][39m [37m<-- POST /wd/hub/session/c5e9e418-9500-42fc-a28d-8decfdfb2148/elements [39m[32m200[39m [90m198 ms - 139[39m
[35m[HTTP][39m [90m[39m
[35m[HTTP][39m [37m-->[39m [37mGET[39m [37m/wd/hub/session/c5e9e418-9500-42fc-a28d-8decfdfb2148/element/00000000-0000-002a-7fff-ffff00000012/location[39m
[35m[HTTP][39m [90m{}[39m
[35m[W3C (c5e9e418)][39m Driver proxy active, passing request on via HTTP proxy
[35m[WD Proxy][39m Replacing sessionId 1a92db21-1f63-44ab-b03c-58fbba1c681d with c5e9e418-9500-42fc-a28d-8decfdfb2148
[35m[HTTP][39m [37m<-- GET /wd/hub/session/c5e9e418-9500-42fc-a28d-8decfdfb2148/element/00000000-0000-002a-7fff-ffff00000012/location [39m[32m200[39m [90m100 ms - 79[39m
[35m[HTTP][39m [90m[39m
[35m[HTTP][39m [37m-->[39m [37mPOST[39m [37m/wd/hub/session/c5e9e418-9500-42fc-a28d-8decfdfb2148/element/00000000-0000-002a-7fff-ffff00000012/click[39m
[35m[HTTP][39m [90m{"id":"00000000-0000-002a-7fff-ffff00000012"}[39m
[35m[HTTP][39m [37m<-- POST /wd/hub/session/c5e9e418-9500-42fc-a28d-8decfdfb2148/element/00000000-0000-002a-7fff-ffff00000012/click [39m[32m200[39m [90m264 ms - 14[39m
[35m[HTTP][39m [90m[39m
[35m[HTTP][39m [37m-->[39m [37mGET[39m [37m/wd/hub/session/c5e9e418-9500-42fc-a28d-8decfdfb2148/source[39m
[35m[HTTP][39m [90m{}[39m
[35m[W3C (c5e9e418)][39m Driver proxy active, passing request on via HTTP proxy
[35m[WD Proxy][39m Replacing sessionId 1a92db21-1f63-44ab-b03c-58fbba1c681d with c5e9e418-9500-42fc-a28d-8decfdfb2148
[35m[HTTP][39m [37m<-- GET /wd/hub/session/c5e9e418-9500-42fc-a28d-8decfdfb2148/source [39m[32m200[39m [90m408 ms - 12151[39m
[35m[HTTP][39m [90m[39m
[35m[HTTP][39m [37m-->[39m [37mGET[39m [37m/wd/hub/session/c5e9e418-9500-42fc-a28d-8decfdfb2148/screenshot[39m
[35m[HTTP][39m [90m{}[39m
[35m[HTTP][39m [37m<-- GET /wd/hub/session/c5e9e418-9500-42fc-a28d-8decfdfb2148/screenshot [39m[32m200[39m [90m979 ms - 176436[39m
[35m[HTTP][39m [90m[39m
[35m[HTTP][39m [37m-->[39m [37mGET[39m [37m/wd/hub/session/c5e9e418-9500-42fc-a28d-8decfdfb2148/source[39m
[35m[HTTP][39m [90m{}[39m
[35m[W3C (c5e9e418)][39m Driver proxy active, passing request on via HTTP proxy
[35m[WD Proxy][39m Replacing sessionId 1a92db21-1f63-44ab-b03c-58fbba1c681d with c5e9e418-9500-42fc-a28d-8decfdfb2148
[35m[HTTP][39m [37m<-- GET /wd/hub/session/c5e9e418-9500-42fc-a28d-8decfdfb2148/source [39m[32m200[39m [90m464 ms - 37963[39m
[35m[HTTP][39m [90m[39m
[35m[HTTP][39m [37m-->[39m [37mGET[39m [37m/wd/hub/session/c5e9e418-9500-42fc-a28d-8decfdfb2148/screenshot[39m
[35m[HTTP][39m [90m{}[39m
[35m[HTTP][39m [37m<-- GET /wd/hub/session/c5e9e418-9500-42fc-a28d-8decfdfb2148/screenshot [39m[32m200[39m [90m593 ms - 216734[39m
[35m[HTTP][39m [90m[39m
[35m[HTTP][39m [37m-->[39m [37mPOST[39m [37m/wd/hub/session/c5e9e418-9500-42fc-a28d-8decfdfb2148/elements[39m
[35m[HTTP][39m [90m{"using":"xpath","value":"//*[@class = 'android.widget.EditText' and (@text = 'Search or type web address' or . = 'Search or type web address') and @resource-id = 'com.android.chrome:id/search_box_text']"}[39m
[35m[HTTP][39m [37m<-- POST /wd/hub/session/c5e9e418-9500-42fc-a28d-8decfdfb2148/elements [39m[32m200[39m [90m202 ms - 139[39m
[35m[HTTP][39m [90m[39m
[35m[HTTP][39m [37m-->[39m [37mGET[39m [37m/wd/hub/session/c5e9e418-9500-42fc-a28d-8decfdfb2148/window/rect[39m
[35m[HTTP][39m [90m{}[39m
[35m[HTTP][39m [37m<-- GET /wd/hub/session/c5e9e418-9500-42fc-a28d-8decfdfb2148/window/rect [39m[32m200[39m [90m14 ms - 50[39m
[35m[HTTP][39m [90m[39m
[35m[HTTP][39m [37m-->[39m [37mPOST[39m [37m/wd/hub/session/c5e9e418-9500-42fc-a28d-8decfdfb2148/elements[39m
[35m[HTTP][39m [90m{"using":"xpath","value":"//*[@class = 'android.widget.EditText' and (@text = 'Search or type web address' or . = 'Search or type web address') and @resource-id = 'com.android.chrome:id/search_box_text']"}[39m
[35m[HTTP][39m [37m<-- POST /wd/hub/session/c5e9e418-9500-42fc-a28d-8decfdfb2148/elements [39m[32m200[39m [90m155 ms - 139[39m
[35m[HTTP][39m [90m[39m
[35m[HTTP][39m [37m-->[39m [37mGET[39m [37m/wd/hub/session/c5e9e418-9500-42fc-a28d-8decfdfb2148/element/00000000-0000-002b-7fff-ffff0000007c/location[39m
[35m[HTTP][39m [90m{}[39m
[35m[W3C (c5e9e418)][39m Driver proxy active, passing request on via HTTP proxy
[35m[WD Proxy][39m Replacing sessionId 1a92db21-1f63-44ab-b03c-58fbba1c681d with c5e9e418-9500-42fc-a28d-8decfdfb2148
[35m[HTTP][39m [37m<-- GET /wd/hub/session/c5e9e418-9500-42fc-a28d-8decfdfb2148/element/00000000-0000-002b-7fff-ffff0000007c/location [39m[32m200[39m [90m17 ms - 77[39m
[35m[HTTP][39m [90m[39m
[35m[HTTP][39m [37m-->[39m [37mPOST[39m [37m/wd/hub/session/c5e9e418-9500-42fc-a28d-8decfdfb2148/element/00000000-0000-002b-7fff-ffff0000007c/click[39m
[35m[HTTP][39m [90m{"id":"00000000-0000-002b-7fff-ffff0000007c"}[39m
[35m[HTTP][39m [37m<-- POST /wd/hub/session/c5e9e418-9500-42fc-a28d-8decfdfb2148/element/00000000-0000-002b-7fff-ffff0000007c/click [39m[32m200[39m [90m32 ms - 14[39m
[35m[HTTP][39m [90m[39m
[35m[HTTP][39m [37m-->[39m [37mGET[39m [37m/wd/hub/session/c5e9e418-9500-42fc-a28d-8decfdfb2148/source[39m
[35m[HTTP][39m [90m{}[39m
[35m[W3C (c5e9e418)][39m Driver proxy active, passing request on via HTTP proxy
[35m[WD Proxy][39m Replacing sessionId 1a92db21-1f63-44ab-b03c-58fbba1c681d with c5e9e418-9500-42fc-a28d-8decfdfb2148
[35m[HTTP][39m [37m<-- GET /wd/hub/session/c5e9e418-9500-42fc-a28d-8decfdfb2148/source [39m[32m200[39m [90m1132 ms - 48105[39m
[35m[HTTP][39m [90m[39m
[35m[HTTP][39m [37m-->[39m [37mGET[39m [37m/wd/hub/session/c5e9e418-9500-42fc-a28d-8decfdfb2148/screenshot[39m
[35m[HTTP][39m [90m{}[39m
[35m[HTTP][39m [37m<-- GET /wd/hub/session/c5e9e418-9500-42fc-a28d-8decfdfb2148/screenshot [39m[32m200[39m [90m551 ms - 190120[39m
[35m[HTTP][39m [90m[39m
[35m[HTTP][39m [37m-->[39m [37mPOST[39m [37m/wd/hub/session/c5e9e418-9500-42fc-a28d-8decfdfb2148/elements[39m
[35m[HTTP][39m [90m{"using":"xpath","value":"//*[@class = 'android.widget.EditText' and (@text = 'Search or type web address' or . = 'Search or type web address') and @resource-id = 'com.android.chrome:id/url_bar']"}[39m
[35m[HTTP][39m [37m<-- POST /wd/hub/session/c5e9e418-9500-42fc-a28d-8decfdfb2148/elements [39m[32m200[39m [90m235 ms - 139[39m
[35m[HTTP][39m [90m[39m
[35m[HTTP][39m [37m-->[39m [37mGET[39m [37m/wd/hub/session/c5e9e418-9500-42fc-a28d-8decfdfb2148/window/rect[39m
[35m[HTTP][39m [90m{}[39m
[35m[HTTP][39m [37m<-- GET /wd/hub/session/c5e9e418-9500-42fc-a28d-8decfdfb2148/window/rect [39m[32m200[39m [90m19 ms - 50[39m
[35m[HTTP][39m [90m[39m
[35m[HTTP][39m [37m-->[39m [37mPOST[39m [37m/wd/hub/session/c5e9e418-9500-42fc-a28d-8decfdfb2148/elements[39m
[35m[HTTP][39m [90m{"using":"xpath","value":"//*[@class = 'android.widget.EditText' and (@text = 'Search or type web address' or . = 'Search or type web address') and @resource-id = 'com.android.chrome:id/url_bar']"}[39m
[35m[HTTP][39m [37m<-- POST /wd/hub/session/c5e9e418-9500-42fc-a28d-8decfdfb2148/elements [39m[32m200[39m [90m192 ms - 139[39m
[35m[HTTP][39m [90m[39m
[35m[HTTP][39m [37m-->[39m [37mGET[39m [37m/wd/hub/session/c5e9e418-9500-42fc-a28d-8decfdfb2148/element/00000000-0000-002b-7fff-ffff0000003e/location[39m
[35m[HTTP][39m [90m{}[39m
[35m[W3C (c5e9e418)][39m Driver proxy active, passing request on via HTTP proxy
[35m[WD Proxy][39m Replacing sessionId 1a92db21-1f63-44ab-b03c-58fbba1c681d with c5e9e418-9500-42fc-a28d-8decfdfb2148
[35m[HTTP][39m [37m<-- GET /wd/hub/session/c5e9e418-9500-42fc-a28d-8decfdfb2148/element/00000000-0000-002b-7fff-ffff0000003e/location [39m[32m200[39m [90m15 ms - 77[39m
[35m[HTTP][39m [90m[39m
[35m[HTTP][39m [37m-->[39m [37mPOST[39m [37m/wd/hub/session/c5e9e418-9500-42fc-a28d-8decfdfb2148/element/00000000-0000-002b-7fff-ffff0000003e/clear[39m
[35m[HTTP][39m [90m{"id":"00000000-0000-002b-7fff-ffff0000003e"}[39m
[35m[HTTP][39m [37m<-- POST /wd/hub/session/c5e9e418-9500-42fc-a28d-8decfdfb2148/element/00000000-0000-002b-7fff-ffff0000003e/clear [39m[32m200[39m [90m18 ms - 14[39m
[35m[HTTP][39m [90m[39m
[35m[HTTP][39m [37m-->[39m [37mPOST[39m [37m/wd/hub/session/c5e9e418-9500-42fc-a28d-8decfdfb2148/element/00000000-0000-002b-7fff-ffff0000003e/value[39m
[35m[HTTP][39m [90m{"id":"00000000-0000-002b-7fff-ffff0000003e","text":"google.com","value":["g","o","o","g","l","e",".","c","o","m"]}[39m
[35m[HTTP][39m [37m<-- POST /wd/hub/session/c5e9e418-9500-42fc-a28d-8decfdfb2148/element/00000000-0000-002b-7fff-ffff0000003e/value [39m[32m200[39m [90m1025 ms - 14[39m
[35m[HTTP][39m [90m[39m
[35m[HTTP][39m [37m-->[39m [37mGET[39m [37m/wd/hub/session/c5e9e418-9500-42fc-a28d-8decfdfb2148/source[39m
[35m[HTTP][39m [90m{}[39m
[35m[W3C (c5e9e418)][39m Driver proxy active, passing request on via HTTP proxy
[35m[WD Proxy][39m Replacing sessionId 1a92db21-1f63-44ab-b03c-58fbba1c681d with c5e9e418-9500-42fc-a28d-8decfdfb2148
[35m[HTTP][39m [37m<-- GET /wd/hub/session/c5e9e418-9500-42fc-a28d-8decfdfb2148/source [39m[32m200[39m [90m670 ms - 49984[39m
[35m[HTTP][39m [90m[39m
[35m[HTTP][39m [37m-->[39m [37mGET[39m [37m/wd/hub/session/c5e9e418-9500-42fc-a28d-8decfdfb2148/screenshot[39m
[35m[HTTP][39m [90m{}[39m
[35m[HTTP][39m [37m<-- GET /wd/hub/session/c5e9e418-9500-42fc-a28d-8decfdfb2148/screenshot [39m[32m200[39m [90m496 ms - 217312[39m
[35m[HTTP][39m [90m[39m
[35m[HTTP][39m [37m-->[39m [37mPOST[39m [37m/wd/hub/session/c5e9e418-9500-42fc-a28d-8decfdfb2148/elements[39m
[35m[HTTP][39m [90m{"using":"xpath","value":"//*[@class = 'android.widget.EditText' and (@text = 'google.com' or . = 'google.com') and @resource-id = 'com.android.chrome:id/url_bar']"}[39m
[35m[HTTP][39m [37m<-- POST /wd/hub/session/c5e9e418-9500-42fc-a28d-8decfdfb2148/elements [39m[32m200[39m [90m167 ms - 139[39m
[35m[HTTP][39m [90m[39m
[35m[HTTP][39m [37m-->[39m [37mGET[39m [37m/wd/hub/session/c5e9e418-9500-42fc-a28d-8decfdfb2148/window/rect[39m
[35m[HTTP][39m [90m{}[39m
[35m[HTTP][39m [37m<-- GET /wd/hub/session/c5e9e418-9500-42fc-a28d-8decfdfb2148/window/rect [39m[32m200[39m [90m17 ms - 50[39m
[35m[HTTP][39m [90m[39m
[35m[HTTP][39m [37m-->[39m [37mPOST[39m [37m/wd/hub/session/c5e9e418-9500-42fc-a28d-8decfdfb2148/elements[39m
[35m[HTTP][39m [90m{"using":"xpath","value":"//*[@class = 'android.widget.EditText' and (@text = 'google.com' or . = 'google.com') and @resource-id = 'com.android.chrome:id/url_bar']"}[39m
[35m[HTTP][39m [37m<-- POST /wd/hub/session/c5e9e418-9500-42fc-a28d-8decfdfb2148/elements [39m[32m200[39m [90m127 ms - 139[39m
[35m[HTTP][39m [90m[39m
[35m[HTTP][39m [37m-->[39m [37mGET[39m [37m/wd/hub/session/c5e9e418-9500-42fc-a28d-8decfdfb2148/element/00000000-0000-002b-7fff-ffff0000003e/location[39m
[35m[HTTP][39m [90m{}[39m
[35m[W3C (c5e9e418)][39m Driver proxy active, passing request on via HTTP proxy
[35m[WD Proxy][39m Replacing sessionId 1a92db21-1f63-44ab-b03c-58fbba1c681d with c5e9e418-9500-42fc-a28d-8decfdfb2148
[35m[HTTP][39m [37m<-- GET /wd/hub/session/c5e9e418-9500-42fc-a28d-8decfdfb2148/element/00000000-0000-002b-7fff-ffff0000003e/location [39m[32m200[39m [90m18 ms - 77[39m
[35m[HTTP][39m [90m[39m
[35m[HTTP][39m [37m-->[39m [37mPOST[39m [37m/wd/hub/session/c5e9e418-9500-42fc-a28d-8decfdfb2148/element/00000000-0000-002b-7fff-ffff0000003e/value[39m
[35m[HTTP][39m [90m{"id":"00000000-0000-002b-7fff-ffff0000003e","text":"Enter","value":["E","n","t","e","r"]}[39m
[35m[HTTP][39m [37m<-- POST /wd/hub/session/c5e9e418-9500-42fc-a28d-8decfdfb2148/element/00000000-0000-002b-7fff-ffff0000003e/value [39m[32m200[39m [90m1104 ms - 14[39m
[35m[HTTP][39m [90m[39m
[35m[HTTP][39m [37m-->[39m [37mGET[39m [37m/wd/hub/session/c5e9e418-9500-42fc-a28d-8decfdfb2148/source[39m
[35m[HTTP][39m [90m{}[39m
[35m[W3C (c5e9e418)][39m Driver proxy active, passing request on via HTTP proxy
[35m[WD Proxy][39m Replacing sessionId 1a92db21-1f63-44ab-b03c-58fbba1c681d with c5e9e418-9500-42fc-a28d-8decfdfb2148
[35m[HTTP][39m [37m<-- GET /wd/hub/session/c5e9e418-9500-42fc-a28d-8decfdfb2148/source [39m[32m200[39m [90m513 ms - 48586[39m
[35m[HTTP][39m [90m[39m
[35m[HTTP][39m [37m-->[39m [37mGET[39m [37m/wd/hub/session/c5e9e418-9500-42fc-a28d-8decfdfb2148/screenshot[39m
[35m[HTTP][39m [90m{}[39m
[35m[HTTP][39m [37m<-- GET /wd/hub/session/c5e9e418-9500-42fc-a28d-8decfdfb2148/screenshot [39m[32m200[39m [90m481 ms - 171182[39m
[35m[HTTP][39m [90m[39m
[35m[HTTP][39m [37m-->[39m [37mPOST[39m [37m/wd/hub/session/c5e9e418-9500-42fc-a28d-8decfdfb2148/elements[39m
[35m[HTTP][39m [90m{"using":"xpath","value":"//*[@class = 'android.widget.TextView' and (@text = 'enter komputer' or . = 'enter komputer') and @resource-id = 'com.android.chrome:id/line_1']"}[39m
[35m[HTTP][39m [37m<-- POST /wd/hub/session/c5e9e418-9500-42fc-a28d-8decfdfb2148/elements [39m[32m200[39m [90m142 ms - 139[39m
[35m[HTTP][39m [90m[39m
[35m[HTTP][39m [37m-->[39m [37mGET[39m [37m/wd/hub/session/c5e9e418-9500-42fc-a28d-8decfdfb2148/window/rect[39m
[35m[HTTP][39m [90m{}[39m
[35m[HTTP][39m [37m<-- GET /wd/hub/session/c5e9e418-9500-42fc-a28d-8decfdfb2148/window/rect [39m[32m200[39m [90m21 ms - 50[39m
[35m[HTTP][39m [90m[39m
[35m[HTTP][39m [37m-->[39m [37mPOST[39m [37m/wd/hub/session/c5e9e418-9500-42fc-a28d-8decfdfb2148/elements[39m
[35m[HTTP][39m [90m{"using":"xpath","value":"//*[@class = 'android.widget.TextView' and (@text = 'enter komputer' or . = 'enter komputer') and @resource-id = 'com.android.chrome:id/line_1']"}[39m
[35m[HTTP][39m [37m<-- POST /wd/hub/session/c5e9e418-9500-42fc-a28d-8decfdfb2148/elements [39m[32m200[39m [90m185 ms - 139[39m
[35m[HTTP][39m [90m[39m
[35m[HTTP][39m [37m-->[39m [37mGET[39m [37m/wd/hub/session/c5e9e418-9500-42fc-a28d-8decfdfb2148/element/00000000-0000-002b-7fff-ffff00000152/location[39m
[35m[HTTP][39m [90m{}[39m
[35m[W3C (c5e9e418)][39m Driver proxy active, passing request on via HTTP proxy
[35m[WD Proxy][39m Replacing sessionId 1a92db21-1f63-44ab-b03c-58fbba1c681d with c5e9e418-9500-42fc-a28d-8decfdfb2148
[35m[HTTP][39m [37m<-- GET /wd/hub/session/c5e9e418-9500-42fc-a28d-8decfdfb2148/element/00000000-0000-002b-7fff-ffff00000152/location [39m[32m200[39m [90m16 ms - 78[39m
[35m[HTTP][39m [90m[39m
[35m[HTTP][39m [37m-->[39m [37mPOST[39m [37m/wd/hub/session/c5e9e418-9500-42fc-a28d-8decfdfb2148/element/00000000-0000-002b-7fff-ffff00000152/click[39m
[35m[HTTP][39m [90m{"id":"00000000-0000-002b-7fff-ffff00000152"}[39m
[35m[HTTP][39m [37m<-- POST /wd/hub/session/c5e9e418-9500-42fc-a28d-8decfdfb2148/element/00000000-0000-002b-7fff-ffff00000152/click [39m[32m200[39m [90m22 ms - 14[39m
[35m[HTTP][39m [90m[39m
[35m[HTTP][39m [37m-->[39m [37mGET[39m [37m/wd/hub/session/c5e9e418-9500-42fc-a28d-8decfdfb2148/source[39m
[35m[HTTP][39m [90m{}[39m
[35m[W3C (c5e9e418)][39m Driver proxy active, passing request on via HTTP proxy
[35m[WD Proxy][39m Replacing sessionId 1a92db21-1f63-44ab-b03c-58fbba1c681d with c5e9e418-9500-42fc-a28d-8decfdfb2148
[35m[HTTP][39m [37m<-- GET /wd/hub/session/c5e9e418-9500-42fc-a28d-8decfdfb2148/source [39m[32m200[39m [90m2784 ms - 11318[39m
[35m[HTTP][39m [90m[39m
[35m[HTTP][39m [37m-->[39m [37mGET[39m [37m/wd/hub/session/c5e9e418-9500-42fc-a28d-8decfdfb2148/screenshot[39m
[35m[HTTP][39m [90m{}[39m
[35m[HTTP][39m [37m<-- GET /wd/hub/session/c5e9e418-9500-42fc-a28d-8decfdfb2148/screenshot [39m[32m200[39m [90m1741 ms - 307928[39m
[35m[HTTP][39m [90m[39m
[35m[HTTP][39m [37m-->[39m [37mDELETE[39m [37m/wd/hub/session/c5e9e418-9500-42fc-a28d-8decfdfb2148[39m
[35m[HTTP][39m [90m{}[39m
[35m[Appium][39m Removing session c5e9e418-9500-42fc-a28d-8decfdfb2148 from our master session list
[35m[HTTP][39m [37m<-- DELETE /wd/hub/session/c5e9e418-9500-42fc-a28d-8decfdfb2148 [39m[32m200[39m [90m1494 ms - 14[39m
[35m[HTTP][39m [90m[39m
